INFO  - 2014-10-30 23:12:44.525; org.hibernate.annotations.common.Version; HCANN000001: Hibernate Commons Annotations {4.0.1.Final}
INFO  - 2014-10-30 23:12:44.549; org.hibernate.Version; HHH000412: Hibernate Core {4.0.1.Final}
INFO  - 2014-10-30 23:12:44.554; org.hibernate.cfg.Environment; HHH000206: hibernate.properties not found
INFO  - 2014-10-30 23:12:44.557; org.hibernate.cfg.Environment; HHH000021: Bytecode provider name : javassist
INFO  - 2014-10-30 23:12:44.639; org.hibernate.cfg.Configuration; HHH000043: Configuring from resource: /hibernate.cfg.xml
INFO  - 2014-10-30 23:12:44.640; org.hibernate.cfg.Configuration; HHH000040: Configuration resource: /hibernate.cfg.xml
WARN  - 2014-10-30 23:12:44.831; org.hibernate.internal.util.xml.DTDEntityResolver; HHH000223: Recognized obsolete hibernate namespace http://hibernate.sourceforge.net/. Use namespace http://www.hibernate.org/dtd/ instead. Refer to Hibernate 3.6 Migration Guide!
INFO  - 2014-10-30 23:12:44.869; org.hibernate.cfg.Configuration; HHH000041: Configured SessionFactory: null
INFO  - 2014-10-30 23:12:44.913; org.hibernate.dialect.Dialect; HHH000400: Using dialect: org.hibernate.dialect.MySQLDialect
INFO  - 2014-10-30 23:12:45.337; org.hibernate.tool.hbm2ddl.SchemaExport; HHH000227: Running hbm2ddl schema export
INFO  - 2014-10-30 23:12:45.392; org.hibernate.service.jdbc.connections.internal.DriverManagerConnectionProviderImpl; HHH000402: Using Hibernate built-in connection pool (not for production use!)
INFO  - 2014-10-30 23:12:45.402; org.hibernate.service.jdbc.connections.internal.DriverManagerConnectionProviderImpl; HHH000115: Hibernate connection pool size: 20
INFO  - 2014-10-30 23:12:45.402; org.hibernate.service.jdbc.connections.internal.DriverManagerConnectionProviderImpl; HHH000006: Autocommit mode: false
INFO  - 2014-10-30 23:12:45.403; org.hibernate.service.jdbc.connections.internal.DriverManagerConnectionProviderImpl; HHH000401: using driver [com.mysql.jdbc.Driver] at URL [jdbc:mysql://localhost:3306/synnovation_bank]
INFO  - 2014-10-30 23:12:45.403; org.hibernate.service.jdbc.connections.internal.DriverManagerConnectionProviderImpl; HHH000046: Connection properties: {user=root, password=****}
INFO  - 2014-10-30 23:13:06.633; org.hibernate.service.jdbc.connections.internal.DriverManagerConnectionProviderImpl; HHH000030: Cleaning up connection pool [jdbc:mysql://localhost:3306/synnovation_bank]
INFO  - 2014-10-30 23:13:06.635; org.hibernate.tool.hbm2ddl.SchemaExport; HHH000230: Schema export complete
INFO  - 2014-10-30 23:13:06.645; org.hibernate.service.jdbc.connections.internal.DriverManagerConnectionProviderImpl; HHH000402: Using Hibernate built-in connection pool (not for production use!)
INFO  - 2014-10-30 23:13:06.646; org.hibernate.service.jdbc.connections.internal.DriverManagerConnectionProviderImpl; HHH000115: Hibernate connection pool size: 20
INFO  - 2014-10-30 23:13:06.646; org.hibernate.service.jdbc.connections.internal.DriverManagerConnectionProviderImpl; HHH000006: Autocommit mode: false
INFO  - 2014-10-30 23:13:06.646; org.hibernate.service.jdbc.connections.internal.DriverManagerConnectionProviderImpl; HHH000401: using driver [com.mysql.jdbc.Driver] at URL [jdbc:mysql://localhost:3306/synnovation_bank]
INFO  - 2014-10-30 23:13:06.647; org.hibernate.service.jdbc.connections.internal.DriverManagerConnectionProviderImpl; HHH000046: Connection properties: {user=root, password=****}
INFO  - 2014-10-30 23:13:06.729; org.hibernate.dialect.Dialect; HHH000400: Using dialect: org.hibernate.dialect.MySQLDialect
INFO  - 2014-10-30 23:13:06.758; org.hibernate.engine.transaction.internal.TransactionFactoryInitiator; HHH000399: Using default transaction strategy (direct JDBC transactions)
INFO  - 2014-10-30 23:35:01.304; org.hibernate.annotations.common.Version; HCANN000001: Hibernate Commons Annotations {4.0.1.Final}
INFO  - 2014-10-30 23:35:01.340; org.hibernate.Version; HHH000412: Hibernate Core {4.0.1.Final}
INFO  - 2014-10-30 23:35:01.343; org.hibernate.cfg.Environment; HHH000206: hibernate.properties not found
INFO  - 2014-10-30 23:35:01.345; org.hibernate.cfg.Environment; HHH000021: Bytecode provider name : javassist
INFO  - 2014-10-30 23:35:01.387; org.hibernate.cfg.Configuration; HHH000043: Configuring from resource: /hibernate.cfg.xml
INFO  - 2014-10-30 23:35:01.388; org.hibernate.cfg.Configuration; HHH000040: Configuration resource: /hibernate.cfg.xml
WARN  - 2014-10-30 23:35:01.514; org.hibernate.internal.util.xml.DTDEntityResolver; HHH000223: Recognized obsolete hibernate namespace http://hibernate.sourceforge.net/. Use namespace http://www.hibernate.org/dtd/ instead. Refer to Hibernate 3.6 Migration Guide!
INFO  - 2014-10-30 23:35:01.566; org.hibernate.cfg.Configuration; HHH000041: Configured SessionFactory: null
INFO  - 2014-10-30 23:35:01.620; org.hibernate.dialect.Dialect; HHH000400: Using dialect: org.hibernate.dialect.MySQLDialect
INFO  - 2014-10-30 23:35:01.984; org.hibernate.tool.hbm2ddl.SchemaExport; HHH000227: Running hbm2ddl schema export
INFO  - 2014-10-30 23:35:02.034; org.hibernate.service.jdbc.connections.internal.DriverManagerConnectionProviderImpl; HHH000402: Using Hibernate built-in connection pool (not for production use!)
INFO  - 2014-10-30 23:35:02.051; org.hibernate.service.jdbc.connections.internal.DriverManagerConnectionProviderImpl; HHH000115: Hibernate connection pool size: 20
INFO  - 2014-10-30 23:35:02.051; org.hibernate.service.jdbc.connections.internal.DriverManagerConnectionProviderImpl; HHH000006: Autocommit mode: false
INFO  - 2014-10-30 23:35:02.052; org.hibernate.service.jdbc.connections.internal.DriverManagerConnectionProviderImpl; HHH000401: using driver [com.mysql.jdbc.Driver] at URL [jdbc:mysql://localhost:3306/synnovation_bank]
INFO  - 2014-10-30 23:35:02.052; org.hibernate.service.jdbc.connections.internal.DriverManagerConnectionProviderImpl; HHH000046: Connection properties: {user=root, password=****}
INFO  - 2014-10-30 23:35:21.974; org.hibernate.service.jdbc.connections.internal.DriverManagerConnectionProviderImpl; HHH000030: Cleaning up connection pool [jdbc:mysql://localhost:3306/synnovation_bank]
INFO  - 2014-10-30 23:35:21.977; org.hibernate.tool.hbm2ddl.SchemaExport; HHH000230: Schema export complete
INFO  - 2014-10-30 23:35:21.985; org.hibernate.service.jdbc.connections.internal.DriverManagerConnectionProviderImpl; HHH000402: Using Hibernate built-in connection pool (not for production use!)
INFO  - 2014-10-30 23:35:21.985; org.hibernate.service.jdbc.connections.internal.DriverManagerConnectionProviderImpl; HHH000115: Hibernate connection pool size: 20
INFO  - 2014-10-30 23:35:21.985; org.hibernate.service.jdbc.connections.internal.DriverManagerConnectionProviderImpl; HHH000006: Autocommit mode: false
INFO  - 2014-10-30 23:35:21.986; org.hibernate.service.jdbc.connections.internal.DriverManagerConnectionProviderImpl; HHH000401: using driver [com.mysql.jdbc.Driver] at URL [jdbc:mysql://localhost:3306/synnovation_bank]
INFO  - 2014-10-30 23:35:21.986; org.hibernate.service.jdbc.connections.internal.DriverManagerConnectionProviderImpl; HHH000046: Connection properties: {user=root, password=****}
INFO  - 2014-10-30 23:35:22.092; org.hibernate.dialect.Dialect; HHH000400: Using dialect: org.hibernate.dialect.MySQLDialect
INFO  - 2014-10-30 23:35:22.175; org.hibernate.engine.transaction.internal.TransactionFactoryInitiator; HHH000399: Using default transaction strategy (direct JDBC transactions)
INFO  - 2014-10-31 08:59:27.482; org.hibernate.annotations.common.Version; HCANN000001: Hibernate Commons Annotations {4.0.1.Final}
INFO  - 2014-10-31 08:59:27.538; org.hibernate.Version; HHH000412: Hibernate Core {4.0.1.Final}
INFO  - 2014-10-31 08:59:27.543; org.hibernate.cfg.Environment; HHH000206: hibernate.properties not found
INFO  - 2014-10-31 08:59:27.545; org.hibernate.cfg.Environment; HHH000021: Bytecode provider name : javassist
INFO  - 2014-10-31 08:59:27.573; org.hibernate.cfg.Configuration; HHH000043: Configuring from resource: /hibernate.cfg.xml
INFO  - 2014-10-31 08:59:27.573; org.hibernate.cfg.Configuration; HHH000040: Configuration resource: /hibernate.cfg.xml
WARN  - 2014-10-31 08:59:27.648; org.hibernate.internal.util.xml.DTDEntityResolver; HHH000223: Recognized obsolete hibernate namespace http://hibernate.sourceforge.net/. Use namespace http://www.hibernate.org/dtd/ instead. Refer to Hibernate 3.6 Migration Guide!
INFO  - 2014-10-31 08:59:27.689; org.hibernate.cfg.Configuration; HHH000041: Configured SessionFactory: null
INFO  - 2014-10-31 08:59:27.710; org.hibernate.dialect.Dialect; HHH000400: Using dialect: org.hibernate.dialect.MySQLDialect
INFO  - 2014-10-31 08:59:28.043; org.hibernate.tool.hbm2ddl.SchemaExport; HHH000227: Running hbm2ddl schema export
INFO  - 2014-10-31 08:59:28.077; org.hibernate.service.jdbc.connections.internal.DriverManagerConnectionProviderImpl; HHH000402: Using Hibernate built-in connection pool (not for production use!)
INFO  - 2014-10-31 08:59:28.082; org.hibernate.service.jdbc.connections.internal.DriverManagerConnectionProviderImpl; HHH000115: Hibernate connection pool size: 20
INFO  - 2014-10-31 08:59:28.082; org.hibernate.service.jdbc.connections.internal.DriverManagerConnectionProviderImpl; HHH000006: Autocommit mode: false
INFO  - 2014-10-31 08:59:28.083; org.hibernate.service.jdbc.connections.internal.DriverManagerConnectionProviderImpl; HHH000401: using driver [com.mysql.jdbc.Driver] at URL [jdbc:mysql://localhost:3306/synnovation_bank]
INFO  - 2014-10-31 08:59:28.083; org.hibernate.service.jdbc.connections.internal.DriverManagerConnectionProviderImpl; HHH000046: Connection properties: {user=root, password=****}
ERROR - 2014-10-31 08:59:28.354; org.hibernate.tool.hbm2ddl.SchemaExport; HHH000231: Schema export unsuccessful
com.mysql.jdbc.exceptions.jdbc4.MySQLSyntaxErrorException: Unknown database 'synnovation_bank'
	at sun.reflect.NativeConstructorAccessorImpl.newInstance0(Native Method)
	at sun.reflect.NativeConstructorAccessorImpl.newInstance(NativeConstructorAccessorImpl.java:57)
	at sun.reflect.DelegatingConstructorAccessorImpl.newInstance(DelegatingConstructorAccessorImpl.java:45)
	at java.lang.reflect.Constructor.newInstance(Constructor.java:526)
	at com.mysql.jdbc.Util.handleNewInstance(Util.java:407)
	at com.mysql.jdbc.Util.getInstance(Util.java:382)
	at com.mysql.jdbc.SQLError.createSQLException(SQLError.java:1052)
	at com.mysql.jdbc.MysqlIO.checkErrorPacket(MysqlIO.java:3603)
	at com.mysql.jdbc.MysqlIO.checkErrorPacket(MysqlIO.java:3535)
	at com.mysql.jdbc.MysqlIO.checkErrorPacket(MysqlIO.java:934)
	at com.mysql.jdbc.MysqlIO.secureAuth411(MysqlIO.java:4104)
	at com.mysql.jdbc.MysqlIO.doHandshake(MysqlIO.java:1299)
	at com.mysql.jdbc.ConnectionImpl.coreConnect(ConnectionImpl.java:2338)
	at com.mysql.jdbc.ConnectionImpl.connectOneTryOnly(ConnectionImpl.java:2371)
	at com.mysql.jdbc.ConnectionImpl.createNewIO(ConnectionImpl.java:2163)
	at com.mysql.jdbc.ConnectionImpl.<init>(ConnectionImpl.java:794)
	at com.mysql.jdbc.JDBC4Connection.<init>(JDBC4Connection.java:47)
	at sun.reflect.NativeConstructorAccessorImpl.newInstance0(Native Method)
	at sun.reflect.NativeConstructorAccessorImpl.newInstance(NativeConstructorAccessorImpl.java:57)
	at sun.reflect.DelegatingConstructorAccessorImpl.newInstance(DelegatingConstructorAccessorImpl.java:45)
	at java.lang.reflect.Constructor.newInstance(Constructor.java:526)
	at com.mysql.jdbc.Util.handleNewInstance(Util.java:407)
	at com.mysql.jdbc.ConnectionImpl.getInstance(ConnectionImpl.java:378)
	at com.mysql.jdbc.NonRegisteringDriver.connect(NonRegisteringDriver.java:305)
	at java.sql.DriverManager.getConnection(DriverManager.java:571)
	at java.sql.DriverManager.getConnection(DriverManager.java:187)
	at org.hibernate.service.jdbc.connections.internal.DriverManagerConnectionProviderImpl.getConnection(DriverManagerConnectionProviderImpl.java:173)
	at org.hibernate.tool.hbm2ddl.ManagedProviderConnectionHelper.prepare(ManagedProviderConnectionHelper.java:55)
	at org.hibernate.tool.hbm2ddl.DatabaseExporter.<init>(DatabaseExporter.java:52)
	at org.hibernate.tool.hbm2ddl.SchemaExport.execute(SchemaExport.java:368)
	at org.hibernate.tool.hbm2ddl.SchemaExport.create(SchemaExport.java:305)
	at org.hibernate.tool.hbm2ddl.SchemaExport.create(SchemaExport.java:294)
	at edu.asu.secure.SynnovationBank.DBUtilities.HibernateUtil.createTables(HibernateUtil.java:68)
	at edu.asu.secure.SynnovationBank.DBUtilities.DriverClass.main(DriverClass.java:9)
INFO  - 2014-10-31 08:59:28.375; org.hibernate.tool.hbm2ddl.SchemaExport; HHH000230: Schema export complete
INFO  - 2014-10-31 08:59:28.394; org.hibernate.service.jdbc.connections.internal.DriverManagerConnectionProviderImpl; HHH000402: Using Hibernate built-in connection pool (not for production use!)
INFO  - 2014-10-31 08:59:28.394; org.hibernate.service.jdbc.connections.internal.DriverManagerConnectionProviderImpl; HHH000115: Hibernate connection pool size: 20
INFO  - 2014-10-31 08:59:28.395; org.hibernate.service.jdbc.connections.internal.DriverManagerConnectionProviderImpl; HHH000006: Autocommit mode: false
INFO  - 2014-10-31 08:59:28.395; org.hibernate.service.jdbc.connections.internal.DriverManagerConnectionProviderImpl; HHH000401: using driver [com.mysql.jdbc.Driver] at URL [jdbc:mysql://localhost:3306/synnovation_bank]
INFO  - 2014-10-31 08:59:28.396; org.hibernate.service.jdbc.connections.internal.DriverManagerConnectionProviderImpl; HHH000046: Connection properties: {user=root, password=****}
WARN  - 2014-10-31 08:59:28.414; org.hibernate.engine.jdbc.internal.JdbcServicesImpl; HHH000342: Could not obtain connection to query metadata : Unknown database 'synnovation_bank'
INFO  - 2014-10-31 08:59:28.415; org.hibernate.dialect.Dialect; HHH000400: Using dialect: org.hibernate.dialect.MySQLDialect
INFO  - 2014-10-31 08:59:28.417; org.hibernate.engine.jdbc.internal.LobCreatorBuilder; HHH000422: Disabling contextual LOB creation as connection was null
INFO  - 2014-10-31 08:59:28.421; org.hibernate.engine.transaction.internal.TransactionFactoryInitiator; HHH000399: Using default transaction strategy (direct JDBC transactions)
INFO  - 2014-10-31 08:59:28.778; org.hibernate.service.jdbc.connections.internal.DriverManagerConnectionProviderImpl; HHH000030: Cleaning up connection pool [jdbc:mysql://localhost:3306/synnovation_bank]
WARN  - 2014-10-31 08:59:28.803; org.hibernate.engine.jdbc.spi.SqlExceptionHelper; SQL Error: 1049, SQLState: 42000
ERROR - 2014-10-31 08:59:28.804; org.hibernate.engine.jdbc.spi.SqlExceptionHelper; Unknown database 'synnovation_bank'
WARN  - 2014-10-31 08:59:28.812; org.hibernate.engine.jdbc.spi.SqlExceptionHelper; SQL Error: 1049, SQLState: 42000
ERROR - 2014-10-31 08:59:28.812; org.hibernate.engine.jdbc.spi.SqlExceptionHelper; Unknown database 'synnovation_bank'
WARN  - 2014-10-31 08:59:28.817; org.hibernate.engine.jdbc.spi.SqlExceptionHelper; SQL Error: 1049, SQLState: 42000
ERROR - 2014-10-31 08:59:28.817; org.hibernate.engine.jdbc.spi.SqlExceptionHelper; Unknown database 'synnovation_bank'
WARN  - 2014-10-31 08:59:28.821; org.hibernate.engine.jdbc.spi.SqlExceptionHelper; SQL Error: 1049, SQLState: 42000
ERROR - 2014-10-31 08:59:28.822; org.hibernate.engine.jdbc.spi.SqlExceptionHelper; Unknown database 'synnovation_bank'
INFO  - 2014-10-31 09:00:49.426; org.hibernate.annotations.common.Version; HCANN000001: Hibernate Commons Annotations {4.0.1.Final}
INFO  - 2014-10-31 09:00:49.438; org.hibernate.Version; HHH000412: Hibernate Core {4.0.1.Final}
INFO  - 2014-10-31 09:00:49.442; org.hibernate.cfg.Environment; HHH000206: hibernate.properties not found
INFO  - 2014-10-31 09:00:49.444; org.hibernate.cfg.Environment; HHH000021: Bytecode provider name : javassist
INFO  - 2014-10-31 09:00:49.473; org.hibernate.cfg.Configuration; HHH000043: Configuring from resource: /hibernate.cfg.xml
INFO  - 2014-10-31 09:00:49.473; org.hibernate.cfg.Configuration; HHH000040: Configuration resource: /hibernate.cfg.xml
WARN  - 2014-10-31 09:00:49.543; org.hibernate.internal.util.xml.DTDEntityResolver; HHH000223: Recognized obsolete hibernate namespace http://hibernate.sourceforge.net/. Use namespace http://www.hibernate.org/dtd/ instead. Refer to Hibernate 3.6 Migration Guide!
INFO  - 2014-10-31 09:00:49.568; org.hibernate.cfg.Configuration; HHH000041: Configured SessionFactory: null
INFO  - 2014-10-31 09:00:49.586; org.hibernate.dialect.Dialect; HHH000400: Using dialect: org.hibernate.dialect.MySQLDialect
INFO  - 2014-10-31 09:00:49.897; org.hibernate.tool.hbm2ddl.SchemaExport; HHH000227: Running hbm2ddl schema export
INFO  - 2014-10-31 09:00:49.931; org.hibernate.service.jdbc.connections.internal.DriverManagerConnectionProviderImpl; HHH000402: Using Hibernate built-in connection pool (not for production use!)
INFO  - 2014-10-31 09:00:49.937; org.hibernate.service.jdbc.connections.internal.DriverManagerConnectionProviderImpl; HHH000115: Hibernate connection pool size: 20
INFO  - 2014-10-31 09:00:49.937; org.hibernate.service.jdbc.connections.internal.DriverManagerConnectionProviderImpl; HHH000006: Autocommit mode: false
INFO  - 2014-10-31 09:00:49.938; org.hibernate.service.jdbc.connections.internal.DriverManagerConnectionProviderImpl; HHH000401: using driver [com.mysql.jdbc.Driver] at URL [jdbc:mysql://localhost:3306/synnovation_bank]
INFO  - 2014-10-31 09:00:49.938; org.hibernate.service.jdbc.connections.internal.DriverManagerConnectionProviderImpl; HHH000046: Connection properties: {user=root, password=****}
ERROR - 2014-10-31 09:00:50.210; org.hibernate.tool.hbm2ddl.SchemaExport; HHH000389: Unsuccessful: alter table Account_Holder drop foreign key FKAE749C3EBAD6205B
ERROR - 2014-10-31 09:00:50.213; org.hibernate.tool.hbm2ddl.SchemaExport; Table 'synnovation_bank.account_holder' doesn't exist
ERROR - 2014-10-31 09:00:50.214; org.hibernate.tool.hbm2ddl.SchemaExport; HHH000389: Unsuccessful: alter table Account_Holder drop foreign key FKAE749C3E91768671
ERROR - 2014-10-31 09:00:50.214; org.hibernate.tool.hbm2ddl.SchemaExport; Table 'synnovation_bank.account_holder' doesn't exist
ERROR - 2014-10-31 09:00:50.215; org.hibernate.tool.hbm2ddl.SchemaExport; HHH000389: Unsuccessful: alter table Notifications drop foreign key FK7B75C4C8AF122201
ERROR - 2014-10-31 09:00:50.215; org.hibernate.tool.hbm2ddl.SchemaExport; Table 'synnovation_bank.notifications' doesn't exist
ERROR - 2014-10-31 09:00:50.215; org.hibernate.tool.hbm2ddl.SchemaExport; HHH000389: Unsuccessful: alter table Notifications drop foreign key FK7B75C4C820FF5ED
ERROR - 2014-10-31 09:00:50.215; org.hibernate.tool.hbm2ddl.SchemaExport; Table 'synnovation_bank.notifications' doesn't exist
ERROR - 2014-10-31 09:00:50.216; org.hibernate.tool.hbm2ddl.SchemaExport; HHH000389: Unsuccessful: alter table Notifications drop foreign key FK7B75C4C8210D12BE
ERROR - 2014-10-31 09:00:50.216; org.hibernate.tool.hbm2ddl.SchemaExport; Table 'synnovation_bank.notifications' doesn't exist
ERROR - 2014-10-31 09:00:50.241; org.hibernate.tool.hbm2ddl.SchemaExport; HHH000389: Unsuccessful: alter table Permission drop foreign key FK57F7A1EF7A4F247
ERROR - 2014-10-31 09:00:50.241; org.hibernate.tool.hbm2ddl.SchemaExport; Table 'synnovation_bank.permission' doesn't exist
ERROR - 2014-10-31 09:00:50.242; org.hibernate.tool.hbm2ddl.SchemaExport; HHH000389: Unsuccessful: alter table Permission drop foreign key FK57F7A1EF741534AA
ERROR - 2014-10-31 09:00:50.242; org.hibernate.tool.hbm2ddl.SchemaExport; Table 'synnovation_bank.permission' doesn't exist
ERROR - 2014-10-31 09:00:50.243; org.hibernate.tool.hbm2ddl.SchemaExport; HHH000389: Unsuccessful: alter table Person drop foreign key FK8E4887757A4F247
ERROR - 2014-10-31 09:00:50.243; org.hibernate.tool.hbm2ddl.SchemaExport; Table 'synnovation_bank.person' doesn't exist
ERROR - 2014-10-31 09:00:50.243; org.hibernate.tool.hbm2ddl.SchemaExport; HHH000389: Unsuccessful: alter table Reported_Issues drop foreign key FKCAC2ABA691768671
ERROR - 2014-10-31 09:00:50.244; org.hibernate.tool.hbm2ddl.SchemaExport; Table 'synnovation_bank.reported_issues' doesn't exist
ERROR - 2014-10-31 09:00:50.244; org.hibernate.tool.hbm2ddl.SchemaExport; HHH000389: Unsuccessful: alter table Transaction_Details drop foreign key FK2D5C0DA1BAD6205B
ERROR - 2014-10-31 09:00:50.245; org.hibernate.tool.hbm2ddl.SchemaExport; Table 'synnovation_bank.transaction_details' doesn't exist
ERROR - 2014-10-31 09:00:50.246; org.hibernate.tool.hbm2ddl.SchemaExport; HHH000389: Unsuccessful: alter table Transaction_Details drop foreign key FK2D5C0DA1210D12BE
ERROR - 2014-10-31 09:00:50.246; org.hibernate.tool.hbm2ddl.SchemaExport; Table 'synnovation_bank.transaction_details' doesn't exist
ERROR - 2014-10-31 09:00:50.247; org.hibernate.tool.hbm2ddl.SchemaExport; HHH000389: Unsuccessful: alter table Transaction_Details drop foreign key FK2D5C0DA1741534AA
ERROR - 2014-10-31 09:00:50.247; org.hibernate.tool.hbm2ddl.SchemaExport; Table 'synnovation_bank.transaction_details' doesn't exist
INFO  - 2014-10-31 09:00:55.433; org.hibernate.service.jdbc.connections.internal.DriverManagerConnectionProviderImpl; HHH000030: Cleaning up connection pool [jdbc:mysql://localhost:3306/synnovation_bank]
INFO  - 2014-10-31 09:00:55.435; org.hibernate.tool.hbm2ddl.SchemaExport; HHH000230: Schema export complete
INFO  - 2014-10-31 09:00:55.443; org.hibernate.service.jdbc.connections.internal.DriverManagerConnectionProviderImpl; HHH000402: Using Hibernate built-in connection pool (not for production use!)
INFO  - 2014-10-31 09:00:55.443; org.hibernate.service.jdbc.connections.internal.DriverManagerConnectionProviderImpl; HHH000115: Hibernate connection pool size: 20
INFO  - 2014-10-31 09:00:55.443; org.hibernate.service.jdbc.connections.internal.DriverManagerConnectionProviderImpl; HHH000006: Autocommit mode: false
INFO  - 2014-10-31 09:00:55.444; org.hibernate.service.jdbc.connections.internal.DriverManagerConnectionProviderImpl; HHH000401: using driver [com.mysql.jdbc.Driver] at URL [jdbc:mysql://localhost:3306/synnovation_bank]
INFO  - 2014-10-31 09:00:55.444; org.hibernate.service.jdbc.connections.internal.DriverManagerConnectionProviderImpl; HHH000046: Connection properties: {user=root, password=****}
INFO  - 2014-10-31 09:00:55.484; org.hibernate.dialect.Dialect; HHH000400: Using dialect: org.hibernate.dialect.MySQLDialect
INFO  - 2014-10-31 09:00:55.497; org.hibernate.engine.transaction.internal.TransactionFactoryInitiator; HHH000399: Using default transaction strategy (direct JDBC transactions)
INFO  - 2014-10-31 12:07:10.877; org.hibernate.annotations.common.Version; HCANN000001: Hibernate Commons Annotations {4.0.1.Final}
INFO  - 2014-10-31 12:07:10.912; org.hibernate.Version; HHH000412: Hibernate Core {4.0.1.Final}
INFO  - 2014-10-31 12:07:10.917; org.hibernate.cfg.Environment; HHH000206: hibernate.properties not found
INFO  - 2014-10-31 12:07:10.919; org.hibernate.cfg.Environment; HHH000021: Bytecode provider name : javassist
INFO  - 2014-10-31 12:07:10.993; org.hibernate.cfg.Configuration; HHH000043: Configuring from resource: /hibernate.cfg.xml
INFO  - 2014-10-31 12:07:10.993; org.hibernate.cfg.Configuration; HHH000040: Configuration resource: /hibernate.cfg.xml
WARN  - 2014-10-31 12:07:11.100; org.hibernate.internal.util.xml.DTDEntityResolver; HHH000223: Recognized obsolete hibernate namespace http://hibernate.sourceforge.net/. Use namespace http://www.hibernate.org/dtd/ instead. Refer to Hibernate 3.6 Migration Guide!
INFO  - 2014-10-31 12:07:11.128; org.hibernate.cfg.Configuration; HHH000041: Configured SessionFactory: null
INFO  - 2014-10-31 12:07:11.201; org.hibernate.dialect.Dialect; HHH000400: Using dialect: org.hibernate.dialect.MySQLDialect
INFO  - 2014-10-31 12:07:11.526; org.hibernate.tool.hbm2ddl.SchemaExport; HHH000227: Running hbm2ddl schema export
INFO  - 2014-10-31 12:07:11.573; org.hibernate.service.jdbc.connections.internal.DriverManagerConnectionProviderImpl; HHH000402: Using Hibernate built-in connection pool (not for production use!)
INFO  - 2014-10-31 12:07:11.621; org.hibernate.service.jdbc.connections.internal.DriverManagerConnectionProviderImpl; HHH000115: Hibernate connection pool size: 20
INFO  - 2014-10-31 12:07:11.621; org.hibernate.service.jdbc.connections.internal.DriverManagerConnectionProviderImpl; HHH000006: Autocommit mode: false
INFO  - 2014-10-31 12:07:11.622; org.hibernate.service.jdbc.connections.internal.DriverManagerConnectionProviderImpl; HHH000401: using driver [com.mysql.jdbc.Driver] at URL [jdbc:mysql://localhost:3306/synnovation_bank]
INFO  - 2014-10-31 12:07:11.622; org.hibernate.service.jdbc.connections.internal.DriverManagerConnectionProviderImpl; HHH000046: Connection properties: {user=root, password=****}
INFO  - 2014-10-31 12:07:19.503; org.hibernate.service.jdbc.connections.internal.DriverManagerConnectionProviderImpl; HHH000030: Cleaning up connection pool [jdbc:mysql://localhost:3306/synnovation_bank]
INFO  - 2014-10-31 12:07:19.507; org.hibernate.tool.hbm2ddl.SchemaExport; HHH000230: Schema export complete
INFO  - 2014-10-31 12:07:19.541; org.hibernate.service.jdbc.connections.internal.DriverManagerConnectionProviderImpl; HHH000402: Using Hibernate built-in connection pool (not for production use!)
INFO  - 2014-10-31 12:07:19.541; org.hibernate.service.jdbc.connections.internal.DriverManagerConnectionProviderImpl; HHH000115: Hibernate connection pool size: 20
INFO  - 2014-10-31 12:07:19.541; org.hibernate.service.jdbc.connections.internal.DriverManagerConnectionProviderImpl; HHH000006: Autocommit mode: false
INFO  - 2014-10-31 12:07:19.541; org.hibernate.service.jdbc.connections.internal.DriverManagerConnectionProviderImpl; HHH000401: using driver [com.mysql.jdbc.Driver] at URL [jdbc:mysql://localhost:3306/synnovation_bank]
INFO  - 2014-10-31 12:07:19.542; org.hibernate.service.jdbc.connections.internal.DriverManagerConnectionProviderImpl; HHH000046: Connection properties: {user=root, password=****}
INFO  - 2014-10-31 12:07:19.598; org.hibernate.dialect.Dialect; HHH000400: Using dialect: org.hibernate.dialect.MySQLDialect
INFO  - 2014-10-31 12:07:19.610; org.hibernate.engine.transaction.internal.TransactionFactoryInitiator; HHH000399: Using default transaction strategy (direct JDBC transactions)
INFO  - 2014-10-31 12:07:59.708; org.hibernate.annotations.common.Version; HCANN000001: Hibernate Commons Annotations {4.0.1.Final}
INFO  - 2014-10-31 12:07:59.719; org.hibernate.Version; HHH000412: Hibernate Core {4.0.1.Final}
INFO  - 2014-10-31 12:07:59.724; org.hibernate.cfg.Environment; HHH000206: hibernate.properties not found
INFO  - 2014-10-31 12:07:59.726; org.hibernate.cfg.Environment; HHH000021: Bytecode provider name : javassist
INFO  - 2014-10-31 12:07:59.757; org.hibernate.cfg.Configuration; HHH000043: Configuring from resource: /hibernate.cfg.xml
INFO  - 2014-10-31 12:07:59.758; org.hibernate.cfg.Configuration; HHH000040: Configuration resource: /hibernate.cfg.xml
WARN  - 2014-10-31 12:07:59.815; org.hibernate.internal.util.xml.DTDEntityResolver; HHH000223: Recognized obsolete hibernate namespace http://hibernate.sourceforge.net/. Use namespace http://www.hibernate.org/dtd/ instead. Refer to Hibernate 3.6 Migration Guide!
INFO  - 2014-10-31 12:07:59.841; org.hibernate.cfg.Configuration; HHH000041: Configured SessionFactory: null
INFO  - 2014-10-31 12:07:59.859; org.hibernate.dialect.Dialect; HHH000400: Using dialect: org.hibernate.dialect.MySQLDialect
INFO  - 2014-10-31 12:08:00.168; org.hibernate.tool.hbm2ddl.SchemaExport; HHH000227: Running hbm2ddl schema export
INFO  - 2014-10-31 12:08:00.212; org.hibernate.service.jdbc.connections.internal.DriverManagerConnectionProviderImpl; HHH000402: Using Hibernate built-in connection pool (not for production use!)
INFO  - 2014-10-31 12:08:00.217; org.hibernate.service.jdbc.connections.internal.DriverManagerConnectionProviderImpl; HHH000115: Hibernate connection pool size: 20
INFO  - 2014-10-31 12:08:00.217; org.hibernate.service.jdbc.connections.internal.DriverManagerConnectionProviderImpl; HHH000006: Autocommit mode: false
INFO  - 2014-10-31 12:08:00.218; org.hibernate.service.jdbc.connections.internal.DriverManagerConnectionProviderImpl; HHH000401: using driver [com.mysql.jdbc.Driver] at URL [jdbc:mysql://localhost:3306/synnovation_bank]
INFO  - 2014-10-31 12:08:00.218; org.hibernate.service.jdbc.connections.internal.DriverManagerConnectionProviderImpl; HHH000046: Connection properties: {user=root, password=****}
INFO  - 2014-10-31 12:08:07.291; org.hibernate.service.jdbc.connections.internal.DriverManagerConnectionProviderImpl; HHH000030: Cleaning up connection pool [jdbc:mysql://localhost:3306/synnovation_bank]
INFO  - 2014-10-31 12:08:07.294; org.hibernate.tool.hbm2ddl.SchemaExport; HHH000230: Schema export complete
INFO  - 2014-10-31 12:08:07.303; org.hibernate.service.jdbc.connections.internal.DriverManagerConnectionProviderImpl; HHH000402: Using Hibernate built-in connection pool (not for production use!)
INFO  - 2014-10-31 12:08:07.303; org.hibernate.service.jdbc.connections.internal.DriverManagerConnectionProviderImpl; HHH000115: Hibernate connection pool size: 20
INFO  - 2014-10-31 12:08:07.303; org.hibernate.service.jdbc.connections.internal.DriverManagerConnectionProviderImpl; HHH000006: Autocommit mode: false
INFO  - 2014-10-31 12:08:07.303; org.hibernate.service.jdbc.connections.internal.DriverManagerConnectionProviderImpl; HHH000401: using driver [com.mysql.jdbc.Driver] at URL [jdbc:mysql://localhost:3306/synnovation_bank]
INFO  - 2014-10-31 12:08:07.304; org.hibernate.service.jdbc.connections.internal.DriverManagerConnectionProviderImpl; HHH000046: Connection properties: {user=root, password=****}
INFO  - 2014-10-31 12:08:07.343; org.hibernate.dialect.Dialect; HHH000400: Using dialect: org.hibernate.dialect.MySQLDialect
INFO  - 2014-10-31 12:08:07.353; org.hibernate.engine.transaction.internal.TransactionFactoryInitiator; HHH000399: Using default transaction strategy (direct JDBC transactions)
INFO  - 2014-10-31 18:53:10.948; org.hibernate.annotations.common.Version; HCANN000001: Hibernate Commons Annotations {4.0.1.Final}
INFO  - 2014-10-31 18:53:10.964; org.hibernate.Version; HHH000412: Hibernate Core {4.0.1.Final}
INFO  - 2014-10-31 18:53:10.964; org.hibernate.cfg.Environment; HHH000206: hibernate.properties not found
INFO  - 2014-10-31 18:53:10.964; org.hibernate.cfg.Environment; HHH000021: Bytecode provider name : javassist
INFO  - 2014-10-31 18:53:10.995; org.hibernate.cfg.Configuration; HHH000043: Configuring from resource: /hibernate.cfg.xml
INFO  - 2014-10-31 18:53:10.995; org.hibernate.cfg.Configuration; HHH000040: Configuration resource: /hibernate.cfg.xml
WARN  - 2014-10-31 18:53:11.042; org.hibernate.internal.util.xml.DTDEntityResolver; HHH000223: Recognized obsolete hibernate namespace http://hibernate.sourceforge.net/. Use namespace http://www.hibernate.org/dtd/ instead. Refer to Hibernate 3.6 Migration Guide!
INFO  - 2014-10-31 18:53:11.057; org.hibernate.cfg.Configuration; HHH000041: Configured SessionFactory: null
INFO  - 2014-10-31 18:53:11.088; org.hibernate.dialect.Dialect; HHH000400: Using dialect: org.hibernate.dialect.MySQLDialect
INFO  - 2014-10-31 18:53:11.291; org.hibernate.tool.hbm2ddl.SchemaExport; HHH000227: Running hbm2ddl schema export
INFO  - 2014-10-31 18:53:11.322; org.hibernate.service.jdbc.connections.internal.DriverManagerConnectionProviderImpl; HHH000402: Using Hibernate built-in connection pool (not for production use!)
INFO  - 2014-10-31 18:53:11.338; org.hibernate.service.jdbc.connections.internal.DriverManagerConnectionProviderImpl; HHH000115: Hibernate connection pool size: 20
INFO  - 2014-10-31 18:53:11.338; org.hibernate.service.jdbc.connections.internal.DriverManagerConnectionProviderImpl; HHH000006: Autocommit mode: false
INFO  - 2014-10-31 18:53:11.338; org.hibernate.service.jdbc.connections.internal.DriverManagerConnectionProviderImpl; HHH000401: using driver [com.mysql.jdbc.Driver] at URL [jdbc:mysql://localhost:3306/synnovation_bank]
INFO  - 2014-10-31 18:53:11.338; org.hibernate.service.jdbc.connections.internal.DriverManagerConnectionProviderImpl; HHH000046: Connection properties: {user=root, password=****}
ERROR - 2014-10-31 18:53:11.682; org.hibernate.tool.hbm2ddl.SchemaExport; HHH000389: Unsuccessful: alter table Account_Holder drop foreign key FKAE749C3EBAD6205B
ERROR - 2014-10-31 18:53:11.682; org.hibernate.tool.hbm2ddl.SchemaExport; Table 'synnovation_bank.account_holder' doesn't exist
ERROR - 2014-10-31 18:53:11.682; org.hibernate.tool.hbm2ddl.SchemaExport; HHH000389: Unsuccessful: alter table Account_Holder drop foreign key FKAE749C3E91768671
ERROR - 2014-10-31 18:53:11.682; org.hibernate.tool.hbm2ddl.SchemaExport; Table 'synnovation_bank.account_holder' doesn't exist
ERROR - 2014-10-31 18:53:11.682; org.hibernate.tool.hbm2ddl.SchemaExport; HHH000389: Unsuccessful: alter table Notifications drop foreign key FK7B75C4C8210D12BE
ERROR - 2014-10-31 18:53:11.682; org.hibernate.tool.hbm2ddl.SchemaExport; Table 'synnovation_bank.notifications' doesn't exist
ERROR - 2014-10-31 18:53:11.682; org.hibernate.tool.hbm2ddl.SchemaExport; HHH000389: Unsuccessful: alter table Notifications drop foreign key FK7B75C4C8AF122201
ERROR - 2014-10-31 18:53:11.682; org.hibernate.tool.hbm2ddl.SchemaExport; Table 'synnovation_bank.notifications' doesn't exist
ERROR - 2014-10-31 18:53:11.682; org.hibernate.tool.hbm2ddl.SchemaExport; HHH000389: Unsuccessful: alter table Notifications drop foreign key FK7B75C4C820FF5ED
ERROR - 2014-10-31 18:53:11.682; org.hibernate.tool.hbm2ddl.SchemaExport; Table 'synnovation_bank.notifications' doesn't exist
ERROR - 2014-10-31 18:53:11.698; org.hibernate.tool.hbm2ddl.SchemaExport; HHH000389: Unsuccessful: alter table Permission drop foreign key FK57F7A1EF741534AA
ERROR - 2014-10-31 18:53:11.698; org.hibernate.tool.hbm2ddl.SchemaExport; Table 'synnovation_bank.permission' doesn't exist
ERROR - 2014-10-31 18:53:11.698; org.hibernate.tool.hbm2ddl.SchemaExport; HHH000389: Unsuccessful: alter table Permission drop foreign key FK57F7A1EF7A4F247
ERROR - 2014-10-31 18:53:11.698; org.hibernate.tool.hbm2ddl.SchemaExport; Table 'synnovation_bank.permission' doesn't exist
ERROR - 2014-10-31 18:53:11.698; org.hibernate.tool.hbm2ddl.SchemaExport; HHH000389: Unsuccessful: alter table Person drop foreign key FK8E4887757A4F247
ERROR - 2014-10-31 18:53:11.698; org.hibernate.tool.hbm2ddl.SchemaExport; Table 'synnovation_bank.person' doesn't exist
ERROR - 2014-10-31 18:53:11.698; org.hibernate.tool.hbm2ddl.SchemaExport; HHH000389: Unsuccessful: alter table Reported_Issues drop foreign key FKCAC2ABA691768671
ERROR - 2014-10-31 18:53:11.698; org.hibernate.tool.hbm2ddl.SchemaExport; Table 'synnovation_bank.reported_issues' doesn't exist
ERROR - 2014-10-31 18:53:11.698; org.hibernate.tool.hbm2ddl.SchemaExport; HHH000389: Unsuccessful: alter table Transaction_Details drop foreign key FK2D5C0DA1210D12BE
ERROR - 2014-10-31 18:53:11.698; org.hibernate.tool.hbm2ddl.SchemaExport; Table 'synnovation_bank.transaction_details' doesn't exist
ERROR - 2014-10-31 18:53:11.698; org.hibernate.tool.hbm2ddl.SchemaExport; HHH000389: Unsuccessful: alter table Transaction_Details drop foreign key FK2D5C0DA1BAD6205B
ERROR - 2014-10-31 18:53:11.698; org.hibernate.tool.hbm2ddl.SchemaExport; Table 'synnovation_bank.transaction_details' doesn't exist
ERROR - 2014-10-31 18:53:11.698; org.hibernate.tool.hbm2ddl.SchemaExport; HHH000389: Unsuccessful: alter table Transaction_Details drop foreign key FK2D5C0DA1741534AA
ERROR - 2014-10-31 18:53:11.698; org.hibernate.tool.hbm2ddl.SchemaExport; Table 'synnovation_bank.transaction_details' doesn't exist
INFO  - 2014-10-31 18:53:27.114; org.hibernate.service.jdbc.connections.internal.DriverManagerConnectionProviderImpl; HHH000030: Cleaning up connection pool [jdbc:mysql://localhost:3306/synnovation_bank]
INFO  - 2014-10-31 18:53:27.114; org.hibernate.tool.hbm2ddl.SchemaExport; HHH000230: Schema export complete
INFO  - 2014-10-31 18:53:27.129; org.hibernate.service.jdbc.connections.internal.DriverManagerConnectionProviderImpl; HHH000402: Using Hibernate built-in connection pool (not for production use!)
INFO  - 2014-10-31 18:53:27.129; org.hibernate.service.jdbc.connections.internal.DriverManagerConnectionProviderImpl; HHH000115: Hibernate connection pool size: 20
INFO  - 2014-10-31 18:53:27.129; org.hibernate.service.jdbc.connections.internal.DriverManagerConnectionProviderImpl; HHH000006: Autocommit mode: false
INFO  - 2014-10-31 18:53:27.129; org.hibernate.service.jdbc.connections.internal.DriverManagerConnectionProviderImpl; HHH000401: using driver [com.mysql.jdbc.Driver] at URL [jdbc:mysql://localhost:3306/synnovation_bank]
INFO  - 2014-10-31 18:53:27.129; org.hibernate.service.jdbc.connections.internal.DriverManagerConnectionProviderImpl; HHH000046: Connection properties: {user=root, password=****}
INFO  - 2014-10-31 18:53:27.192; org.hibernate.dialect.Dialect; HHH000400: Using dialect: org.hibernate.dialect.MySQLDialect
INFO  - 2014-10-31 18:53:27.207; org.hibernate.engine.transaction.internal.TransactionFactoryInitiator; HHH000399: Using default transaction strategy (direct JDBC transactions)
INFO  - 2014-10-31 18:58:06.885; org.hibernate.annotations.common.Version; HCANN000001: Hibernate Commons Annotations {4.0.1.Final}
INFO  - 2014-10-31 18:58:06.901; org.hibernate.Version; HHH000412: Hibernate Core {4.0.1.Final}
INFO  - 2014-10-31 18:58:06.901; org.hibernate.cfg.Environment; HHH000206: hibernate.properties not found
INFO  - 2014-10-31 18:58:06.901; org.hibernate.cfg.Environment; HHH000021: Bytecode provider name : javassist
INFO  - 2014-10-31 18:58:06.932; org.hibernate.cfg.Configuration; HHH000043: Configuring from resource: /hibernate.cfg.xml
INFO  - 2014-10-31 18:58:06.932; org.hibernate.cfg.Configuration; HHH000040: Configuration resource: /hibernate.cfg.xml
WARN  - 2014-10-31 18:58:06.979; org.hibernate.internal.util.xml.DTDEntityResolver; HHH000223: Recognized obsolete hibernate namespace http://hibernate.sourceforge.net/. Use namespace http://www.hibernate.org/dtd/ instead. Refer to Hibernate 3.6 Migration Guide!
INFO  - 2014-10-31 18:58:06.994; org.hibernate.cfg.Configuration; HHH000041: Configured SessionFactory: null
INFO  - 2014-10-31 18:58:07.026; org.hibernate.dialect.Dialect; HHH000400: Using dialect: org.hibernate.dialect.MySQLDialect
INFO  - 2014-10-31 18:58:07.228; org.hibernate.tool.hbm2ddl.SchemaExport; HHH000227: Running hbm2ddl schema export
INFO  - 2014-10-31 18:58:07.260; org.hibernate.service.jdbc.connections.internal.DriverManagerConnectionProviderImpl; HHH000402: Using Hibernate built-in connection pool (not for production use!)
INFO  - 2014-10-31 18:58:07.260; org.hibernate.service.jdbc.connections.internal.DriverManagerConnectionProviderImpl; HHH000115: Hibernate connection pool size: 20
INFO  - 2014-10-31 18:58:07.260; org.hibernate.service.jdbc.connections.internal.DriverManagerConnectionProviderImpl; HHH000006: Autocommit mode: false
INFO  - 2014-10-31 18:58:07.260; org.hibernate.service.jdbc.connections.internal.DriverManagerConnectionProviderImpl; HHH000401: using driver [com.mysql.jdbc.Driver] at URL [jdbc:mysql://localhost:3306/synnovation_bank]
INFO  - 2014-10-31 18:58:07.260; org.hibernate.service.jdbc.connections.internal.DriverManagerConnectionProviderImpl; HHH000046: Connection properties: {user=root, password=****}
INFO  - 2014-10-31 18:58:51.428; org.hibernate.annotations.common.Version; HCANN000001: Hibernate Commons Annotations {4.0.1.Final}
INFO  - 2014-10-31 18:58:51.443; org.hibernate.Version; HHH000412: Hibernate Core {4.0.1.Final}
INFO  - 2014-10-31 18:58:51.443; org.hibernate.cfg.Environment; HHH000206: hibernate.properties not found
INFO  - 2014-10-31 18:58:51.443; org.hibernate.cfg.Environment; HHH000021: Bytecode provider name : javassist
INFO  - 2014-10-31 18:58:51.475; org.hibernate.cfg.Configuration; HHH000043: Configuring from resource: /hibernate.cfg.xml
INFO  - 2014-10-31 18:58:51.475; org.hibernate.cfg.Configuration; HHH000040: Configuration resource: /hibernate.cfg.xml
WARN  - 2014-10-31 18:58:51.521; org.hibernate.internal.util.xml.DTDEntityResolver; HHH000223: Recognized obsolete hibernate namespace http://hibernate.sourceforge.net/. Use namespace http://www.hibernate.org/dtd/ instead. Refer to Hibernate 3.6 Migration Guide!
INFO  - 2014-10-31 18:58:51.537; org.hibernate.cfg.Configuration; HHH000041: Configured SessionFactory: null
INFO  - 2014-10-31 18:58:51.553; org.hibernate.dialect.Dialect; HHH000400: Using dialect: org.hibernate.dialect.MySQLDialect
INFO  - 2014-10-31 18:58:51.771; org.hibernate.tool.hbm2ddl.SchemaExport; HHH000227: Running hbm2ddl schema export
INFO  - 2014-10-31 18:58:51.802; org.hibernate.service.jdbc.connections.internal.DriverManagerConnectionProviderImpl; HHH000402: Using Hibernate built-in connection pool (not for production use!)
INFO  - 2014-10-31 18:58:51.802; org.hibernate.service.jdbc.connections.internal.DriverManagerConnectionProviderImpl; HHH000115: Hibernate connection pool size: 20
INFO  - 2014-10-31 18:58:51.802; org.hibernate.service.jdbc.connections.internal.DriverManagerConnectionProviderImpl; HHH000006: Autocommit mode: false
INFO  - 2014-10-31 18:58:51.802; org.hibernate.service.jdbc.connections.internal.DriverManagerConnectionProviderImpl; HHH000401: using driver [com.mysql.jdbc.Driver] at URL [jdbc:mysql://localhost:3306/synnovation_bank]
INFO  - 2014-10-31 18:58:51.802; org.hibernate.service.jdbc.connections.internal.DriverManagerConnectionProviderImpl; HHH000046: Connection properties: {user=root, password=****}
ERROR - 2014-10-31 18:58:52.067; org.hibernate.tool.hbm2ddl.SchemaExport; HHH000389: Unsuccessful: alter table Account_Holder drop foreign key FKAE749C3EBAD6205B
ERROR - 2014-10-31 18:58:52.067; org.hibernate.tool.hbm2ddl.SchemaExport; Can't DROP 'FKAE749C3EBAD6205B'; check that column/key exists
ERROR - 2014-10-31 18:58:52.083; org.hibernate.tool.hbm2ddl.SchemaExport; HHH000389: Unsuccessful: alter table Account_Holder drop foreign key FKAE749C3E91768671
ERROR - 2014-10-31 18:58:52.083; org.hibernate.tool.hbm2ddl.SchemaExport; Can't DROP 'FKAE749C3E91768671'; check that column/key exists
ERROR - 2014-10-31 18:58:52.083; org.hibernate.tool.hbm2ddl.SchemaExport; HHH000389: Unsuccessful: alter table Notifications drop foreign key FK7B75C4C8210D12BE
ERROR - 2014-10-31 18:58:52.083; org.hibernate.tool.hbm2ddl.SchemaExport; Can't DROP 'FK7B75C4C8210D12BE'; check that column/key exists
ERROR - 2014-10-31 18:58:52.083; org.hibernate.tool.hbm2ddl.SchemaExport; HHH000389: Unsuccessful: alter table Notifications drop foreign key FK7B75C4C8AF122201
ERROR - 2014-10-31 18:58:52.083; org.hibernate.tool.hbm2ddl.SchemaExport; Can't DROP 'FK7B75C4C8AF122201'; check that column/key exists
ERROR - 2014-10-31 18:58:52.100; org.hibernate.tool.hbm2ddl.SchemaExport; HHH000389: Unsuccessful: alter table Notifications drop foreign key FK7B75C4C820FF5ED
ERROR - 2014-10-31 18:58:52.100; org.hibernate.tool.hbm2ddl.SchemaExport; Can't DROP 'FK7B75C4C820FF5ED'; check that column/key exists
ERROR - 2014-10-31 18:58:52.100; org.hibernate.tool.hbm2ddl.SchemaExport; HHH000389: Unsuccessful: alter table Permission drop foreign key FK57F7A1EF741534AA
ERROR - 2014-10-31 18:58:52.100; org.hibernate.tool.hbm2ddl.SchemaExport; Can't DROP 'FK57F7A1EF741534AA'; check that column/key exists
ERROR - 2014-10-31 18:58:52.115; org.hibernate.tool.hbm2ddl.SchemaExport; HHH000389: Unsuccessful: alter table Permission drop foreign key FK57F7A1EF7A4F247
ERROR - 2014-10-31 18:58:52.115; org.hibernate.tool.hbm2ddl.SchemaExport; Can't DROP 'FK57F7A1EF7A4F247'; check that column/key exists
INFO  - 2014-10-31 19:08:56.184; org.hibernate.annotations.common.Version; HCANN000001: Hibernate Commons Annotations {4.0.1.Final}
INFO  - 2014-10-31 19:08:56.218; org.hibernate.Version; HHH000412: Hibernate Core {4.0.1.Final}
INFO  - 2014-10-31 19:08:56.218; org.hibernate.cfg.Environment; HHH000206: hibernate.properties not found
INFO  - 2014-10-31 19:08:56.218; org.hibernate.cfg.Environment; HHH000021: Bytecode provider name : javassist
INFO  - 2014-10-31 19:08:56.296; org.hibernate.cfg.Configuration; HHH000043: Configuring from resource: /hibernate.cfg.xml
INFO  - 2014-10-31 19:08:56.296; org.hibernate.cfg.Configuration; HHH000040: Configuration resource: /hibernate.cfg.xml
WARN  - 2014-10-31 19:08:56.374; org.hibernate.internal.util.xml.DTDEntityResolver; HHH000223: Recognized obsolete hibernate namespace http://hibernate.sourceforge.net/. Use namespace http://www.hibernate.org/dtd/ instead. Refer to Hibernate 3.6 Migration Guide!
INFO  - 2014-10-31 19:08:56.389; org.hibernate.cfg.Configuration; HHH000041: Configured SessionFactory: null
INFO  - 2014-10-31 19:08:56.421; org.hibernate.dialect.Dialect; HHH000400: Using dialect: org.hibernate.dialect.MySQLDialect
INFO  - 2014-10-31 19:08:56.639; org.hibernate.tool.hbm2ddl.SchemaExport; HHH000227: Running hbm2ddl schema export
INFO  - 2014-10-31 19:08:56.672; org.hibernate.service.jdbc.connections.internal.DriverManagerConnectionProviderImpl; HHH000402: Using Hibernate built-in connection pool (not for production use!)
INFO  - 2014-10-31 19:08:56.672; org.hibernate.service.jdbc.connections.internal.DriverManagerConnectionProviderImpl; HHH000115: Hibernate connection pool size: 20
INFO  - 2014-10-31 19:08:56.672; org.hibernate.service.jdbc.connections.internal.DriverManagerConnectionProviderImpl; HHH000006: Autocommit mode: false
INFO  - 2014-10-31 19:08:56.672; org.hibernate.service.jdbc.connections.internal.DriverManagerConnectionProviderImpl; HHH000401: using driver [com.mysql.jdbc.Driver] at URL [jdbc:mysql://localhost:3306/synnovation_bank]
INFO  - 2014-10-31 19:08:56.672; org.hibernate.service.jdbc.connections.internal.DriverManagerConnectionProviderImpl; HHH000046: Connection properties: {user=root, password=****}
ERROR - 2014-10-31 19:08:56.906; org.hibernate.tool.hbm2ddl.SchemaExport; HHH000389: Unsuccessful: alter table Account_Holder drop foreign key FKAE749C3EBAD6205B
ERROR - 2014-10-31 19:08:56.906; org.hibernate.tool.hbm2ddl.SchemaExport; Can't DROP 'FKAE749C3EBAD6205B'; check that column/key exists
ERROR - 2014-10-31 19:08:56.906; org.hibernate.tool.hbm2ddl.SchemaExport; HHH000389: Unsuccessful: alter table Account_Holder drop foreign key FKAE749C3E91768671
ERROR - 2014-10-31 19:08:56.906; org.hibernate.tool.hbm2ddl.SchemaExport; Can't DROP 'FKAE749C3E91768671'; check that column/key exists
ERROR - 2014-10-31 19:08:56.922; org.hibernate.tool.hbm2ddl.SchemaExport; HHH000389: Unsuccessful: alter table Notifications drop foreign key FK7B75C4C8210D12BE
ERROR - 2014-10-31 19:08:56.922; org.hibernate.tool.hbm2ddl.SchemaExport; Can't DROP 'FK7B75C4C8210D12BE'; check that column/key exists
ERROR - 2014-10-31 19:08:56.922; org.hibernate.tool.hbm2ddl.SchemaExport; HHH000389: Unsuccessful: alter table Notifications drop foreign key FK7B75C4C8AF122201
ERROR - 2014-10-31 19:08:56.922; org.hibernate.tool.hbm2ddl.SchemaExport; Can't DROP 'FK7B75C4C8AF122201'; check that column/key exists
ERROR - 2014-10-31 19:08:56.922; org.hibernate.tool.hbm2ddl.SchemaExport; HHH000389: Unsuccessful: alter table Notifications drop foreign key FK7B75C4C820FF5ED
ERROR - 2014-10-31 19:08:56.922; org.hibernate.tool.hbm2ddl.SchemaExport; Can't DROP 'FK7B75C4C820FF5ED'; check that column/key exists
ERROR - 2014-10-31 19:08:56.937; org.hibernate.tool.hbm2ddl.SchemaExport; HHH000389: Unsuccessful: alter table Permission drop foreign key FK57F7A1EF741534AA
ERROR - 2014-10-31 19:08:56.937; org.hibernate.tool.hbm2ddl.SchemaExport; Can't DROP 'FK57F7A1EF741534AA'; check that column/key exists
ERROR - 2014-10-31 19:08:56.937; org.hibernate.tool.hbm2ddl.SchemaExport; HHH000389: Unsuccessful: alter table Permission drop foreign key FK57F7A1EF7A4F247
ERROR - 2014-10-31 19:08:56.937; org.hibernate.tool.hbm2ddl.SchemaExport; Can't DROP 'FK57F7A1EF7A4F247'; check that column/key exists
INFO  - 2014-10-31 19:09:07.376; org.hibernate.service.jdbc.connections.internal.DriverManagerConnectionProviderImpl; HHH000030: Cleaning up connection pool [jdbc:mysql://localhost:3306/synnovation_bank]
INFO  - 2014-10-31 19:09:07.376; org.hibernate.tool.hbm2ddl.SchemaExport; HHH000230: Schema export complete
INFO  - 2014-10-31 19:09:07.392; org.hibernate.service.jdbc.connections.internal.DriverManagerConnectionProviderImpl; HHH000402: Using Hibernate built-in connection pool (not for production use!)
INFO  - 2014-10-31 19:09:07.392; org.hibernate.service.jdbc.connections.internal.DriverManagerConnectionProviderImpl; HHH000115: Hibernate connection pool size: 20
INFO  - 2014-10-31 19:09:07.392; org.hibernate.service.jdbc.connections.internal.DriverManagerConnectionProviderImpl; HHH000006: Autocommit mode: false
INFO  - 2014-10-31 19:09:07.392; org.hibernate.service.jdbc.connections.internal.DriverManagerConnectionProviderImpl; HHH000401: using driver [com.mysql.jdbc.Driver] at URL [jdbc:mysql://localhost:3306/synnovation_bank]
INFO  - 2014-10-31 19:09:07.392; org.hibernate.service.jdbc.connections.internal.DriverManagerConnectionProviderImpl; HHH000046: Connection properties: {user=root, password=****}
INFO  - 2014-10-31 19:09:07.423; org.hibernate.dialect.Dialect; HHH000400: Using dialect: org.hibernate.dialect.MySQLDialect
INFO  - 2014-10-31 19:09:07.423; org.hibernate.engine.transaction.internal.TransactionFactoryInitiator; HHH000399: Using default transaction strategy (direct JDBC transactions)
